<?xml version="1.0" encoding="UTF-8"?>
<robot generator="Robot 5.0.1 (Python 3.7.4 on win32)" generated="20220721 16:46:56.856" rpa="false" schemaversion="3">
<suite id="s1" name="Test case" source="C:\Users\Mehme\PycharmProjects\Formedix\Tests\Test_case.robot">
<kw name="Begin web test" library="Common" type="SETUP">
<doc>Test suite set up</doc>
<kw name="Open Browser" library="SeleniumLibrary">
<arg>${URL}</arg>
<arg>${BROWSER}</arg>
<doc>Opens a new browser instance to the optional ``url``.</doc>
<msg timestamp="20220721 16:46:57.073" level="INFO">Opening browser 'chrome' to base url 'https://ryze-staging.formedix.com/sign-in'.</msg>
<status status="PASS" starttime="20220721 16:46:57.072" endtime="20220721 16:47:08.126"/>
</kw>
<kw name="Maximize Browser Window" library="SeleniumLibrary">
<doc>Maximizes current browser window.</doc>
<status status="PASS" starttime="20220721 16:47:08.127" endtime="20220721 16:47:08.289"/>
</kw>
<kw name="Sleep" library="BuiltIn">
<arg>2s</arg>
<doc>Pauses the test executed for the given time.</doc>
<msg timestamp="20220721 16:47:10.300" level="INFO">Slept 2 seconds</msg>
<status status="PASS" starttime="20220721 16:47:08.290" endtime="20220721 16:47:10.301"/>
</kw>
<kw name="Accept cookies" library="Common">
<doc>it is used in begin web test</doc>
<kw name="Click Element" library="SeleniumLibrary">
<arg>xpath=//button[@data-translate='app.ok']</arg>
<doc>Click the element identified by ``locator``.</doc>
<msg timestamp="20220721 16:47:10.304" level="INFO">Clicking element 'xpath=//button[@data-translate='app.ok']'.</msg>
<status status="PASS" starttime="20220721 16:47:10.303" endtime="20220721 16:47:10.401"/>
</kw>
<status status="PASS" starttime="20220721 16:47:10.302" endtime="20220721 16:47:10.401"/>
</kw>
<status status="PASS" starttime="20220721 16:46:57.072" endtime="20220721 16:47:10.402"/>
</kw>
<test id="s1-t1" name="End to end web test" line="13">
<kw name="Login to the application using the credentials" library="SignIn">
<kw name="Input Text" library="SeleniumLibrary">
<arg>${USERNAME_BOX}</arg>
<arg>${USERNAME}</arg>
<doc>Types the given ``text`` into the text field identified by ``locator``.</doc>
<msg timestamp="20220721 16:47:10.405" level="INFO">Typing text 'testteamtechtest' into text field 'id=username'.</msg>
<status status="PASS" starttime="20220721 16:47:10.405" endtime="20220721 16:47:10.542"/>
</kw>
<kw name="Input Text" library="SeleniumLibrary">
<arg>${PASSWORD_BOX}</arg>
<arg>${PASSWORD}</arg>
<doc>Types the given ``text`` into the text field identified by ``locator``.</doc>
<msg timestamp="20220721 16:47:10.543" level="INFO">Typing text 'T3st3rT3ch' into text field 'id=password'.</msg>
<status status="PASS" starttime="20220721 16:47:10.543" endtime="20220721 16:47:10.690"/>
</kw>
<kw name="Wait Until Element Is Enabled" library="SeleniumLibrary">
<arg>${SIGNIN_BUTTON}</arg>
<arg>5s</arg>
<doc>Waits until the element ``locator`` is enabled.</doc>
<status status="PASS" starttime="20220721 16:47:10.690" endtime="20220721 16:47:10.739"/>
</kw>
<kw name="Click Element" library="SeleniumLibrary">
<arg>${SIGNIN_BUTTON}</arg>
<doc>Click the element identified by ``locator``.</doc>
<msg timestamp="20220721 16:47:10.740" level="INFO">Clicking element 'id=btnSubmit'.</msg>
<status status="PASS" starttime="20220721 16:47:10.739" endtime="20220721 16:47:10.810"/>
</kw>
<status status="PASS" starttime="20220721 16:47:10.404" endtime="20220721 16:47:10.811"/>
</kw>
<kw name="Navigate to Repository-&gt;Studies and perform the following actions" library="Dashboard">
<kw name="Wait Until Page Contains" library="SeleniumLibrary">
<arg>Dashboard</arg>
<arg>5s</arg>
<doc>Waits until ``text`` appears on the current page.</doc>
<status status="PASS" starttime="20220721 16:47:10.812" endtime="20220721 16:47:13.465"/>
</kw>
<kw name="Mouse Over" library="SeleniumLibrary">
<arg>${REPOSITORY}</arg>
<doc>Simulates hovering the mouse over the element ``locator``.</doc>
<msg timestamp="20220721 16:47:13.465" level="INFO">Simulating Mouse Over on element 'xpath=//*[@id="menuMdb"]/fdx-main-nav-item/div/p[2]'.</msg>
<status status="PASS" starttime="20220721 16:47:13.465" endtime="20220721 16:47:13.771"/>
</kw>
<kw name="Click Element" library="SeleniumLibrary">
<arg>${STUDIES}</arg>
<doc>Click the element identified by ``locator``.</doc>
<msg timestamp="20220721 16:47:13.772" level="INFO">Clicking element 'xpath=(//span[@class="fdx-sub-nav-menu-item-label"])[2]'.</msg>
<status status="PASS" starttime="20220721 16:47:13.771" endtime="20220721 16:47:13.888"/>
</kw>
<status status="PASS" starttime="20220721 16:47:10.812" endtime="20220721 16:47:13.888"/>
</kw>
<kw name="Confirm the options on the Tech Study menu" library="Dashboard">
<kw name="Sleep" library="BuiltIn">
<arg>3s</arg>
<doc>Pauses the test executed for the given time.</doc>
<msg timestamp="20220721 16:47:16.900" level="INFO">Slept 3 seconds</msg>
<status status="PASS" starttime="20220721 16:47:13.889" endtime="20220721 16:47:16.900"/>
</kw>
<kw name="Wait Until Page Contains" library="SeleniumLibrary">
<arg>Updated</arg>
<doc>Waits until ``text`` appears on the current page.</doc>
<status status="PASS" starttime="20220721 16:47:16.900" endtime="20220721 16:47:16.919"/>
</kw>
<kw name="Element Text Should Be" library="SeleniumLibrary">
<arg>${UPDATED}</arg>
<arg>Updated</arg>
<doc>Verifies that element ``locator`` contains exact the text ``expected``.</doc>
<msg timestamp="20220721 16:47:16.920" level="INFO">Verifying element 'xpath=//strong[@id='fdxMdbContainerListItem0StoredLabel']' contains exact text 'Updated'.</msg>
<status status="PASS" starttime="20220721 16:47:16.920" endtime="20220721 16:47:16.949"/>
</kw>
<kw name="Element Text Should Be" library="SeleniumLibrary">
<arg>${STATUS}</arg>
<arg>Status</arg>
<doc>Verifies that element ``locator`` contains exact the text ``expected``.</doc>
<msg timestamp="20220721 16:47:16.949" level="INFO">Verifying element 'id=fdxMdbContainerListItem0StateLabel' contains exact text 'Status'.</msg>
<status status="PASS" starttime="20220721 16:47:16.949" endtime="20220721 16:47:16.977"/>
</kw>
<kw name="Element Text Should Be" library="SeleniumLibrary">
<arg>${VERSION}</arg>
<arg>Version</arg>
<doc>Verifies that element ``locator`` contains exact the text ``expected``.</doc>
<msg timestamp="20220721 16:47:16.977" level="INFO">Verifying element 'xpath=//*[text()='Version']' contains exact text 'Version'.</msg>
<status status="PASS" starttime="20220721 16:47:16.977" endtime="20220721 16:47:17.001"/>
</kw>
<status status="PASS" starttime="20220721 16:47:13.889" endtime="20220721 16:47:17.001"/>
</kw>
<kw name="Enter the tech test study view" library="Dashboard">
<kw name="Click Element" library="SeleniumLibrary">
<arg>${Tech_Study_Bar}</arg>
<doc>Click the element identified by ``locator``.</doc>
<msg timestamp="20220721 16:47:17.002" level="INFO">Clicking element 'id=fdxMdbContainerListItem0MenuToggle'.</msg>
<status status="PASS" starttime="20220721 16:47:17.002" endtime="20220721 16:47:17.062"/>
</kw>
<kw name="Wait Until Page Contains" library="SeleniumLibrary">
<arg>View</arg>
<arg>5s</arg>
<doc>Waits until ``text`` appears on the current page.</doc>
<status status="PASS" starttime="20220721 16:47:17.062" endtime="20220721 16:47:17.081"/>
</kw>
<kw name="Click Element" library="SeleniumLibrary">
<arg>${View_button}</arg>
<doc>Click the element identified by ``locator``.</doc>
<msg timestamp="20220721 16:47:17.082" level="INFO">Clicking element 'id=fdxMdbContainerListItem0View'.</msg>
<status status="PASS" starttime="20220721 16:47:17.081" endtime="20220721 16:47:17.174"/>
</kw>
<status status="PASS" starttime="20220721 16:47:17.002" endtime="20220721 16:47:17.174"/>
</kw>
<kw name="Enter the Data acquisition asset group view" library="Dashboard">
<kw name="Wait Until Page Contains" library="SeleniumLibrary">
<arg>Asset groups</arg>
<doc>Waits until ``text`` appears on the current page.</doc>
<status status="PASS" starttime="20220721 16:47:17.176" endtime="20220721 16:47:18.514"/>
</kw>
<kw name="Sleep" library="BuiltIn">
<arg>3s</arg>
<doc>Pauses the test executed for the given time.</doc>
<msg timestamp="20220721 16:47:21.528" level="INFO">Slept 3 seconds</msg>
<status status="PASS" starttime="20220721 16:47:18.514" endtime="20220721 16:47:21.528"/>
</kw>
<kw name="Click Element" library="SeleniumLibrary">
<arg>${Data_Acquisition}</arg>
<doc>Click the element identified by ``locator``.</doc>
<msg timestamp="20220721 16:47:21.529" level="INFO">Clicking element 'id=dataAcquisitionName'.</msg>
<status status="PASS" starttime="20220721 16:47:21.529" endtime="20220721 16:47:21.616"/>
</kw>
<kw name="Wait Until Page Contains Element" library="SeleniumLibrary">
<arg>${Data_Acquisition_Headbar}</arg>
<doc>Waits until the element ``locator`` appears on the current page.</doc>
<status status="PASS" starttime="20220721 16:47:21.616" endtime="20220721 16:47:21.633"/>
</kw>
<status status="PASS" starttime="20220721 16:47:17.175" endtime="20220721 16:47:21.633"/>
</kw>
<kw name="Select to view Forms" library="Dashboard">
<kw name="Wait Until Page Contains Element" library="SeleniumLibrary">
<arg>${FORMS}</arg>
<doc>Waits until the element ``locator`` appears on the current page.</doc>
<status status="PASS" starttime="20220721 16:47:21.634" endtime="20220721 16:47:22.521"/>
</kw>
<kw name="Click Element" library="SeleniumLibrary">
<arg>${FORMS}</arg>
<doc>Click the element identified by ``locator``.</doc>
<msg timestamp="20220721 16:47:22.522" level="INFO">Clicking element 'id=FORMTypeView'.</msg>
<status status="PASS" starttime="20220721 16:47:22.522" endtime="20220721 16:47:22.586"/>
</kw>
<kw name="Wait Until Page Contains" library="SeleniumLibrary">
<arg>Medical History</arg>
<doc>Waits until ``text`` appears on the current page.</doc>
<status status="PASS" starttime="20220721 16:47:22.586" endtime="20220721 16:47:23.328"/>
</kw>
<kw name="Click Element" library="SeleniumLibrary">
<arg>${Medical_History}</arg>
<doc>Click the element identified by ``locator``.</doc>
<msg timestamp="20220721 16:47:23.329" level="INFO">Clicking element 'xpath=//*[text()='Medical History']'.</msg>
<status status="PASS" starttime="20220721 16:47:23.328" endtime="20220721 16:47:23.390"/>
</kw>
<status status="PASS" starttime="20220721 16:47:21.634" endtime="20220721 16:47:23.390"/>
</kw>
<kw name="Select to edit the form by adding a Description property to the form" library="Dashboard">
<kw name="Wait Until Element Is Enabled" library="SeleniumLibrary">
<arg>${EDIT_FORM}</arg>
<arg>10s</arg>
<doc>Waits until the element ``locator`` is enabled.</doc>
<status status="PASS" starttime="20220721 16:47:23.392" endtime="20220721 16:47:24.590"/>
</kw>
<kw name="Wait Until Page Does Not Contain" library="SeleniumLibrary">
<arg>Asset loaded</arg>
<doc>Waits until ``text`` disappears from the current page.</doc>
<status status="PASS" starttime="20220721 16:47:24.590" endtime="20220721 16:47:26.162"/>
</kw>
<kw name="Click Element" library="SeleniumLibrary">
<arg>${EDIT_FORM}</arg>
<doc>Click the element identified by ``locator``.</doc>
<msg timestamp="20220721 16:47:26.163" level="INFO">Clicking element 'id=switchEditMode'.</msg>
<status status="PASS" starttime="20220721 16:47:26.163" endtime="20220721 16:47:26.678"/>
</kw>
<kw name="Wait Until Page Contains Element" library="SeleniumLibrary">
<arg>${Add_description}</arg>
<doc>Waits until the element ``locator`` appears on the current page.</doc>
<status status="PASS" starttime="20220721 16:47:26.678" endtime="20220721 16:47:26.736"/>
</kw>
<kw name="Click Element" library="SeleniumLibrary">
<arg>${Add_description}</arg>
<doc>Click the element identified by ``locator``.</doc>
<msg timestamp="20220721 16:47:26.737" level="INFO">Clicking element 'id=editPropsAddEntrydescription'.</msg>
<status status="PASS" starttime="20220721 16:47:26.736" endtime="20220721 16:47:26.859"/>
</kw>
<kw name="Sleep" library="BuiltIn">
<arg>3s</arg>
<doc>Pauses the test executed for the given time.</doc>
<msg timestamp="20220721 16:47:29.869" level="INFO">Slept 3 seconds</msg>
<status status="PASS" starttime="20220721 16:47:26.860" endtime="20220721 16:47:29.869"/>
</kw>
<status status="PASS" starttime="20220721 16:47:23.391" endtime="20220721 16:47:29.869"/>
</kw>
<kw name="Generate Random String" library="String">
<var>${description}</var>
<arg>8</arg>
<doc>Generates a string with a desired ``length`` from the given ``chars``.</doc>
<msg timestamp="20220721 16:47:29.870" level="INFO">${description} = FbdL3dbr</msg>
<status status="PASS" starttime="20220721 16:47:29.870" endtime="20220721 16:47:29.871"/>
</kw>
<kw name="Generate Random String" library="String">
<var>${locale}</var>
<arg>2</arg>
<doc>Generates a string with a desired ``length`` from the given ``chars``.</doc>
<msg timestamp="20220721 16:47:29.871" level="INFO">${locale} = qi</msg>
<status status="PASS" starttime="20220721 16:47:29.871" endtime="20220721 16:47:29.871"/>
</kw>
<kw name="Enter description and locale" library="Dashboard">
<arg>${description}</arg>
<arg>${locale}</arg>
<kw name="Input Text" library="SeleniumLibrary">
<arg>${Description_area}</arg>
<arg>${description}</arg>
<doc>Types the given ``text`` into the text field identified by ``locator``.</doc>
<msg timestamp="20220721 16:47:29.873" level="INFO">Typing text 'FbdL3dbr' into text field 'xpath=(//textarea[@id='assetLocaleEditTextTextareadescription'])[1]'.</msg>
<status status="PASS" starttime="20220721 16:47:29.872" endtime="20220721 16:47:30.012"/>
</kw>
<kw name="Input Text" library="SeleniumLibrary">
<arg>${Locale_area}</arg>
<arg>${locale}</arg>
<doc>Types the given ``text`` into the text field identified by ``locator``.</doc>
<msg timestamp="20220721 16:47:30.013" level="INFO">Typing text 'qi' into text field 'xpath=(//input[@id='localeInputdescription'])[1]'.</msg>
<status status="PASS" starttime="20220721 16:47:30.012" endtime="20220721 16:47:30.153"/>
</kw>
<kw name="Sleep" library="BuiltIn">
<arg>5s</arg>
<doc>Pauses the test executed for the given time.</doc>
<msg timestamp="20220721 16:47:35.154" level="INFO">Slept 5 seconds</msg>
<status status="PASS" starttime="20220721 16:47:30.153" endtime="20220721 16:47:35.154"/>
</kw>
<status status="PASS" starttime="20220721 16:47:29.872" endtime="20220721 16:47:35.155"/>
</kw>
<kw name="Save the change" library="Dashboard">
<kw name="Wait Until Page Contains" library="SeleniumLibrary">
<arg>Validate &amp; Update</arg>
<doc>Waits until ``text`` appears on the current page.</doc>
<status status="PASS" starttime="20220721 16:47:35.156" endtime="20220721 16:47:35.176"/>
</kw>
<kw name="Click Element" library="SeleniumLibrary">
<arg>${VALIDATE_UPDATE}</arg>
<doc>Click the element identified by ``locator``.</doc>
<msg timestamp="20220721 16:47:35.177" level="INFO">Clicking element 'id=saveAsset'.</msg>
<status status="PASS" starttime="20220721 16:47:35.176" endtime="20220721 16:47:35.264"/>
</kw>
<kw name="Sleep" library="BuiltIn">
<arg>5s</arg>
<doc>Pauses the test executed for the given time.</doc>
<msg timestamp="20220721 16:47:40.277" level="INFO">Slept 5 seconds</msg>
<status status="PASS" starttime="20220721 16:47:35.264" endtime="20220721 16:47:40.277"/>
</kw>
<status status="PASS" starttime="20220721 16:47:35.155" endtime="20220721 16:47:40.277"/>
</kw>
<kw name="Confirm the user update has been preserved on the property panel, and on the main form view" library="Dashboard">
<arg>${description}</arg>
<kw name="Get Text" library="SeleniumLibrary">
<var>${actual_result}</var>
<arg>id=formDescription</arg>
<doc>Returns the text value of the element identified by ``locator``.</doc>
<msg timestamp="20220721 16:47:40.309" level="INFO">${actual_result} = FbdL3dbr</msg>
<status status="PASS" starttime="20220721 16:47:40.279" endtime="20220721 16:47:40.309"/>
</kw>
<kw name="Should Be Equal" library="BuiltIn">
<arg>${actual_result}</arg>
<arg>${description}</arg>
<doc>Fails if the given objects are unequal.</doc>
<status status="PASS" starttime="20220721 16:47:40.309" endtime="20220721 16:47:40.309"/>
</kw>
<status status="PASS" starttime="20220721 16:47:40.278" endtime="20220721 16:47:40.309"/>
</kw>
<kw name="Logout of the application" library="Dashboard">
<kw name="Mouse Over" library="SeleniumLibrary">
<arg>${LOG_OUT_MODULE}</arg>
<doc>Simulates hovering the mouse over the element ``locator``.</doc>
<msg timestamp="20220721 16:47:40.311" level="INFO">Simulating Mouse Over on element 'xpath=//p[text()='testteamtechtest']'.</msg>
<status status="PASS" starttime="20220721 16:47:40.310" endtime="20220721 16:47:40.629"/>
</kw>
<kw name="Wait Until Element Is Visible" library="SeleniumLibrary">
<arg>${LOG_OUT_BUTTON}</arg>
<doc>Waits until the element ``locator`` is visible.</doc>
<status status="PASS" starttime="20220721 16:47:40.629" endtime="20220721 16:47:40.671"/>
</kw>
<kw name="Click Element" library="SeleniumLibrary">
<arg>${LOG_OUT_BUTTON}</arg>
<doc>Click the element identified by ``locator``.</doc>
<msg timestamp="20220721 16:47:40.672" level="INFO">Clicking element 'xpath=//p[text()='Sign out of ryze']'.</msg>
<status status="PASS" starttime="20220721 16:47:40.672" endtime="20220721 16:47:40.763"/>
</kw>
<kw name="Wait Until Page Contains" library="SeleniumLibrary">
<arg>You have signed out.</arg>
<doc>Waits until ``text`` appears on the current page.</doc>
<status status="PASS" starttime="20220721 16:47:40.763" endtime="20220721 16:47:41.857"/>
</kw>
<status status="PASS" starttime="20220721 16:47:40.310" endtime="20220721 16:47:41.858"/>
</kw>
<doc>Each step has been defined in Resources file</doc>
<status status="PASS" starttime="20220721 16:47:10.402" endtime="20220721 16:47:41.858"/>
</test>
<kw name="End web test" library="Common" type="TEARDOWN">
<doc>Test suite tear down</doc>
<kw name="Close Browser" library="SeleniumLibrary">
<doc>Closes the current browser.</doc>
<status status="PASS" starttime="20220721 16:47:41.861" endtime="20220721 16:47:43.989"/>
</kw>
<status status="PASS" starttime="20220721 16:47:41.861" endtime="20220721 16:47:43.990"/>
</kw>
<status status="PASS" starttime="20220721 16:46:56.859" endtime="20220721 16:47:43.990"/>
</suite>
<statistics>
<total>
<stat pass="1" fail="0" skip="0">All Tests</stat>
</total>
<tag>
</tag>
<suite>
<stat pass="1" fail="0" skip="0" id="s1" name="Test case">Test case</stat>
</suite>
</statistics>
<errors>
</errors>
</robot>
